<?xml version="1.0" encoding="UTF-8"?>
<!-- Generated by org.testng.reporters.JUnitReportReporter -->
<testsuite skipped="0" hostname="DESKTOP-BG3KCPN" name="com.eic.qa.pages.DataComparision" tests="1" failures="0" timestamp="2021-06-09T14:26:12 IST" time="3.043" errors="0">
  <testcase name="downloadfiles1" time="3.043" classname="com.eic.qa.pages.DataComparision"/>
  <system-out/>
</testsuite> <!-- com.eic.qa.pages.DataComparision -->
