<?xml version="1.0" encoding="UTF-8"?>
<!-- Generated by org.testng.reporters.JUnitReportReporter -->
<testsuite skipped="0" hostname="DESKTOP-BG3KCPN" name="com.eic.qa.testcases.AA" tests="3" failures="0" timestamp="2021-04-26T15:57:41 IST" time="34.258" errors="0">
  <testcase name="setup" time="26.980" classname="com.eic.qa.testcases.AA"/>
  <system-out/>
  <testcase name="loginTest" time="0.522" classname="com.eic.qa.testcases.AA"/>
  <system-out/>
  <testcase name="sim" time="6.756" classname="com.eic.qa.testcases.AA"/>
  <system-out/>
</testsuite> <!-- com.eic.qa.testcases.AA -->
