<?xml version="1.0" encoding="UTF-8"?>
<!-- Generated by org.testng.reporters.JUnitReportReporter -->
<testsuite skipped="0" hostname="DESKTOP-BG3KCPN" name="com.eic.qa.testcases.LoadProfileTest" tests="7" failures="0" timestamp="2021-05-28T08:31:29 IST" time="30.404" errors="0">
  <testcase name="setup" time="26.442" classname="com.eic.qa.testcases.LoadProfileTest"/>
  <system-out/>
  <testcase name="loginTest" time="0.600" classname="com.eic.qa.testcases.LoadProfileTest"/>
  <system-out/>
  <testcase name="Loadprofilelink" time="2.175" classname="com.eic.qa.testcases.LoadProfileTest"/>
  <system-out/>
  <testcase name="LoadCapacity" time="0.407" classname="com.eic.qa.testcases.LoadProfileTest"/>
  <system-out/>
  <testcase name="LoadProfileRadioButtonsselection" time="0.285" classname="com.eic.qa.testcases.LoadProfileTest"/>
  <system-out/>
  <testcase name="PercentageofCapacity" time="0.314" classname="com.eic.qa.testcases.LoadProfileTest"/>
  <system-out/>
  <testcase name="saveButton" time="0.181" classname="com.eic.qa.testcases.LoadProfileTest"/>
  <system-out/>
</testsuite> <!-- com.eic.qa.testcases.LoadProfileTest -->
