<?xml version="1.0" encoding="UTF-8"?>
<!-- Generated by org.testng.reporters.JUnitReportReporter -->
<testsuite skipped="0" hostname="DESKTOP-BG3KCPN" name="com.eic.qa.testcases.UnitTests" tests="1" failures="0" timestamp="2021-05-26T09:52:12 IST" time="1.441" errors="0">
  <testcase name="sameContentOfExcelFiles" time="1.441" classname="com.eic.qa.testcases.UnitTests"/>
  <system-out/>
</testsuite> <!-- com.eic.qa.testcases.UnitTests -->
