<?xml version="1.0" encoding="UTF-8"?>
<!-- Generated by org.testng.reporters.JUnitReportReporter -->
<testsuite skipped="0" hostname="DESKTOP-BG3KCPN" name="com.eic.qa.testcases.LoginPageTest" tests="9" failures="0" timestamp="2021-06-01T10:35:18 IST" time="29.828" errors="0">
  <testcase name="downloadfiles" time="3.810" classname="com.eic.qa.testcases.LoginPageTest"/>
  <system-out/>
  <testcase name="setup" time="18.394" classname="com.eic.qa.testcases.LoginPageTest"/>
  <system-out/>
  <testcase name="loginTest" time="0.985" classname="com.eic.qa.testcases.LoginPageTest"/>
  <system-out/>
  <testcase name="PageTitel" time="1.046" classname="com.eic.qa.testcases.LoginPageTest"/>
  <system-out/>
  <testcase name="energyprofilelink" time="1.707" classname="com.eic.qa.testcases.LoginPageTest"/>
  <system-out/>
  <testcase name="Loadprofile" time="1.301" classname="com.eic.qa.testcases.LoginPageTest"/>
  <system-out/>
  <testcase name="EIPlantDesign" time="1.234" classname="com.eic.qa.testcases.LoginPageTest"/>
  <system-out/>
  <testcase name="FinancialParameterlink" time="0.396" classname="com.eic.qa.testcases.LoginPageTest"/>
  <system-out/>
  <testcase name="teardown" time="0.955" classname="com.eic.qa.testcases.LoginPageTest"/>
  <system-out/>
</testsuite> <!-- com.eic.qa.testcases.LoginPageTest -->
