<?xml version="1.0" encoding="UTF-8"?>
<!-- Generated by org.testng.reporters.JUnitReportReporter -->
<testsuite skipped="0" hostname="DESKTOP-BG3KCPN" name="com.eic.qa.testcases.EIPlantDesignTest" tests="12" failures="0" timestamp="2021-05-31T11:42:10 IST" time="39.469" errors="0">
  <testcase name="setup" time="32.730" classname="com.eic.qa.testcases.EIPlantDesignTest"/>
  <system-out/>
  <testcase name="loginTest" time="0.787" classname="com.eic.qa.testcases.EIPlantDesignTest"/>
  <system-out/>
  <testcase name="EIPlantDesignLink" time="2.919" classname="com.eic.qa.testcases.EIPlantDesignTest"/>
  <system-out/>
  <testcase name="StoteType" time="0.530" classname="com.eic.qa.testcases.EIPlantDesignTest"/>
  <system-out/>
  <testcase name="StorageCapacity" time="0.383" classname="com.eic.qa.testcases.EIPlantDesignTest"/>
  <system-out/>
  <testcase name="TargetReserveCapacity" time="0.342" classname="com.eic.qa.testcases.EIPlantDesignTest"/>
  <system-out/>
  <testcase name="StorageInitialCharge" time="0.293" classname="com.eic.qa.testcases.EIPlantDesignTest"/>
  <system-out/>
  <testcase name="Capacityvalues" time="0.981" classname="com.eic.qa.testcases.EIPlantDesignTest"/>
  <system-out/>
  <testcase name="CapacityTotalDischargeRate" time="0.168" classname="com.eic.qa.testcases.EIPlantDesignTest"/>
  <system-out/>
  <testcase name="CapacityTotalChargeRate" time="0.120" classname="com.eic.qa.testcases.EIPlantDesignTest"/>
  <system-out/>
  <testcase name="SelectEfficiency" time="0.163" classname="com.eic.qa.testcases.EIPlantDesignTest"/>
  <system-out/>
  <testcase name="Efficiencytextfiled" time="0.053" classname="com.eic.qa.testcases.EIPlantDesignTest"/>
  <system-out/>
</testsuite> <!-- com.eic.qa.testcases.EIPlantDesignTest -->
