<?xml version="1.0" encoding="UTF-8"?>
<!-- Generated by org.testng.reporters.JUnitReportReporter -->
<testsuite skipped="0" hostname="DESKTOP-BG3KCPN" name="com.rsr.qa.base.TestBase" tests="1" failures="0" timestamp="2021-12-03T17:24:07 IST" time="6.603" errors="0">
  <testcase name="downloadfiles" time="6.603" classname="com.rsr.qa.base.TestBase"/>
  <system-out/>
</testsuite> <!-- com.rsr.qa.base.TestBase -->
