<?xml version="1.0" encoding="UTF-8"?>
<!-- Generated by org.testng.reporters.JUnitReportReporter -->
<testsuite skipped="0" hostname="DESKTOP-BG3KCPN" name="com.rsr.qa.testcases.userinfopageTest" tests="5" failures="0" timestamp="2021-12-07T17:20:41 IST" time="1.910" errors="0">
  <testcase name="setup" time="0.010" classname="com.rsr.qa.testcases.userinfopageTest"/>
  <system-out/>
  <testcase name="UserInfoBaseTest1" time="0.572" classname="com.rsr.qa.testcases.userinfopageTest"/>
  <system-out/>
  <testcase name="UserInfoBaseTest11" time="0.133" classname="com.rsr.qa.testcases.userinfopageTest"/>
  <system-out/>
  <testcase name="AdminUserLogin" time="1.100" classname="com.rsr.qa.testcases.userinfopageTest"/>
  <system-out/>
  <testcase name="confirencruser" time="0.095" classname="com.rsr.qa.testcases.userinfopageTest"/>
  <system-out/>
</testsuite> <!-- com.rsr.qa.testcases.userinfopageTest -->
