<?xml version="1.0" encoding="UTF-8"?>
<!-- Generated by org.testng.reporters.JUnitReportReporter -->
<testsuite skipped="0" hostname="DESKTOP-BG3KCPN" name="com.eic.qa.base.TestBase" tests="1" failures="0" timestamp="2021-06-01T09:49:10 IST" time="2.723" errors="0">
  <testcase name="downloadfiles" time="2.723" classname="com.eic.qa.base.TestBase"/>
  <system-out/>
</testsuite> <!-- com.eic.qa.base.TestBase -->
