<?xml version="1.0" encoding="UTF-8"?>
<!-- Generated by org.testng.reporters.JUnitReportReporter -->
<testsuite skipped="0" hostname="DESKTOP-BG3KCPN" name="com.eic.qa.testcases.CreateScenario" tests="53" failures="0" timestamp="2021-04-23T09:00:44 IST" time="80.074" errors="0">
  <testcase name="setup" time="8.760" classname="com.eic.qa.testcases.CreateScenario"/>
  <system-out/>
  <testcase name="loginTest" time="0.395" classname="com.eic.qa.testcases.CreateScenario"/>
  <system-out/>
  <testcase name="PageTitel" time="0.016" classname="com.eic.qa.testcases.CreateScenario"/>
  <system-out/>
  <testcase name="createScenario" time="2.222" classname="com.eic.qa.testcases.CreateScenario"/>
  <system-out/>
  <testcase name="basicdetails" time="0.623" classname="com.eic.qa.testcases.CreateScenario"/>
  <system-out/>
  <testcase name="locationdetails" time="0.766" classname="com.eic.qa.testcases.CreateScenario"/>
  <system-out/>
  <testcase name="SolarRadioButton" time="0.063" classname="com.eic.qa.testcases.CreateScenario"/>
  <system-out/>
  <testcase name="SolarTextFiled" time="0.215" classname="com.eic.qa.testcases.CreateScenario"/>
  <system-out/>
  <testcase name="SolarUploadFile" time="28.464" classname="com.eic.qa.testcases.CreateScenario"/>
  <system-out/>
  <testcase name="WindRadioButton" time="0.055" classname="com.eic.qa.testcases.CreateScenario"/>
  <system-out/>
  <testcase name="WindTextField" time="0.213" classname="com.eic.qa.testcases.CreateScenario"/>
  <system-out/>
  <testcase name="windUploadFile" time="30.275" classname="com.eic.qa.testcases.CreateScenario"/>
  <system-out/>
  <testcase name="ScenarioInverterSize" time="0.197" classname="com.eic.qa.testcases.CreateScenario"/>
  <system-out/>
  <testcase name="ScenarioFarmSize" time="0.166" classname="com.eic.qa.testcases.CreateScenario"/>
  <system-out/>
  <testcase name="UtilityCapacity" time="0.170" classname="com.eic.qa.testcases.CreateScenario"/>
  <system-out/>
  <testcase name="utlityRadioBut" time="0.032" classname="com.eic.qa.testcases.CreateScenario"/>
  <system-out/>
  <testcase name="savebutton" time="0.138" classname="com.eic.qa.testcases.CreateScenario"/>
  <system-out/>
  <testcase name="LoadCapacity" time="0.232" classname="com.eic.qa.testcases.CreateScenario"/>
  <system-out/>
  <testcase name="PercentageofCapacity" time="0.220" classname="com.eic.qa.testcases.CreateScenario"/>
  <system-out/>
  <testcase name="saveButton" time="0.195" classname="com.eic.qa.testcases.CreateScenario"/>
  <system-out/>
  <testcase name="StoteType" time="0.211" classname="com.eic.qa.testcases.CreateScenario"/>
  <system-out/>
  <testcase name="StorageCapacity" time="0.246" classname="com.eic.qa.testcases.CreateScenario"/>
  <system-out/>
  <testcase name="TargetReserveCapacity" time="0.272" classname="com.eic.qa.testcases.CreateScenario"/>
  <system-out/>
  <testcase name="StorageInitialCharge" time="0.271" classname="com.eic.qa.testcases.CreateScenario"/>
  <system-out/>
  <testcase name="Capacityvalues" time="0.753" classname="com.eic.qa.testcases.CreateScenario"/>
  <system-out/>
  <testcase name="CapacityTotalDischargeRate" time="0.067" classname="com.eic.qa.testcases.CreateScenario"/>
  <system-out/>
  <testcase name="CapacityTotalChargeRate" time="0.056" classname="com.eic.qa.testcases.CreateScenario"/>
  <system-out/>
  <testcase name="SelectEfficiency" time="0.083" classname="com.eic.qa.testcases.CreateScenario"/>
  <system-out/>
  <testcase name="saveAndContinue" time="0.174" classname="com.eic.qa.testcases.CreateScenario"/>
  <system-out/>
  <testcase name="Lifetimeofplant" time="0.244" classname="com.eic.qa.testcases.CreateScenario"/>
  <system-out/>
  <testcase name="DiscountRate" time="0.196" classname="com.eic.qa.testcases.CreateScenario"/>
  <system-out/>
  <testcase name="solarpurchaseradiobut" time="0.180" classname="com.eic.qa.testcases.CreateScenario"/>
  <system-out/>
  <testcase name="solarownredradiobut" time="0.132" classname="com.eic.qa.testcases.CreateScenario"/>
  <system-out/>
  <testcase name="windpurchageradiobut" time="0.145" classname="com.eic.qa.testcases.CreateScenario"/>
  <system-out/>
  <testcase name="windradiopowerbutton" time="0.132" classname="com.eic.qa.testcases.CreateScenario"/>
  <system-out/>
  <testcase name="solarownedtext" time="0.402" classname="com.eic.qa.testcases.CreateScenario"/>
  <system-out/>
  <testcase name="Windownedtext" time="0.397" classname="com.eic.qa.testcases.CreateScenario"/>
  <system-out/>
  <testcase name="solarcapitalcostvalue" time="0.069" classname="com.eic.qa.testcases.CreateScenario"/>
  <system-out/>
  <testcase name="solarAnnualMaintenanceCostvalue" time="0.061" classname="com.eic.qa.testcases.CreateScenario"/>
  <system-out/>
  <testcase name="windcapitalcostvalue" time="0.060" classname="com.eic.qa.testcases.CreateScenario"/>
  <system-out/>
  <testcase name="windAnnualMaintenanceCostvalue" time="0.050" classname="com.eic.qa.testcases.CreateScenario"/>
  <system-out/>
  <testcase name="DCESEIPlant" time="0.456" classname="com.eic.qa.testcases.CreateScenario"/>
  <system-out/>
  <testcase name="eiStorageTotalCapitalCostvalue" time="0.051" classname="com.eic.qa.testcases.CreateScenario"/>
  <system-out/>
  <testcase name="eiStorageAnnualMaintenanceCostvalue" time="0.063" classname="com.eic.qa.testcases.CreateScenario"/>
  <system-out/>
  <testcase name="eiDCESModuleTotalCapitalCostvalue" time="0.068" classname="com.eic.qa.testcases.CreateScenario"/>
  <system-out/>
  <testcase name="eiDCESAnnualMaintenanceCostvalue" time="0.058" classname="com.eic.qa.testcases.CreateScenario"/>
  <system-out/>
  <testcase name="UtilityGrid" time="0.638" classname="com.eic.qa.testcases.CreateScenario"/>
  <system-out/>
  <testcase name="utilTotalCapitalCostvalue" time="0.051" classname="com.eic.qa.testcases.CreateScenario"/>
  <system-out/>
  <testcase name="utilTotalAnnualMaintenanceCostvalue" time="0.072" classname="com.eic.qa.testcases.CreateScenario"/>
  <system-out/>
  <testcase name="DataCenterCost" time="0.792" classname="com.eic.qa.testcases.CreateScenario"/>
  <system-out/>
  <testcase name="TotalCapitalCostvalue" time="0.058" classname="com.eic.qa.testcases.CreateScenario"/>
  <system-out/>
  <testcase name="TotalAnnualMaintenanceCostvalue" time="0.061" classname="com.eic.qa.testcases.CreateScenario"/>
  <system-out/>
  <testcase name="save" time="0.088" classname="com.eic.qa.testcases.CreateScenario"/>
  <system-out/>
</testsuite> <!-- com.eic.qa.testcases.CreateScenario -->
