<?xml version="1.0" encoding="UTF-8"?>
<!-- Generated by org.testng.reporters.JUnitReportReporter -->
<testsuite skipped="0" hostname="DESKTOP-BG3KCPN" name="com.rsr.qa.testcases.SigninTest" tests="3" failures="0" timestamp="2021-12-07T17:20:41 IST" time="11.525" errors="0">
  <testcase name="setup" time="10.196" classname="com.rsr.qa.testcases.SigninTest"/>
  <system-out/>
  <testcase name="clickinBut" time="0.265" classname="com.rsr.qa.testcases.SigninTest"/>
  <system-out/>
  <testcase name="loginTest" time="1.064" classname="com.rsr.qa.testcases.SigninTest"/>
  <system-out/>
</testsuite> <!-- com.rsr.qa.testcases.SigninTest -->
