<?xml version="1.0" encoding="UTF-8"?>
<!-- Generated by org.testng.reporters.JUnitReportReporter -->
<testsuite skipped="0" hostname="DESKTOP-BG3KCPN" name="com.eic.qa.pages.TimeSeries" tests="1" failures="0" timestamp="2021-06-03T09:37:17 IST" time="4.329" errors="0">
  <testcase name="downloadfiles" time="4.329" classname="com.eic.qa.pages.TimeSeries"/>
  <system-out/>
</testsuite> <!-- com.eic.qa.pages.TimeSeries -->
