<?xml version="1.0" encoding="UTF-8"?>
<!-- Generated by org.testng.reporters.JUnitReportReporter -->
<testsuite skipped="0" hostname="DESKTOP-BG3KCPN" name="com.eic.qa.pages.SolutionHash" tests="1" failures="0" timestamp="2021-05-07T09:47:38 IST" time="0.018" errors="0">
  <testcase name="demo" time="0.018" classname="com.eic.qa.pages.SolutionHash"/>
  <system-out/>
</testsuite> <!-- com.eic.qa.pages.SolutionHash -->
