<?xml version="1.0" encoding="UTF-8"?>
<!-- Generated by org.testng.reporters.JUnitReportReporter -->
<testsuite skipped="0" hostname="DESKTOP-BG3KCPN" name="com.eic.qa.testcases.DataComparisionTest" tests="20" failures="0" timestamp="2021-06-15T12:11:22 IST" time="118.513" errors="0">
  <testcase name="setup" time="45.997" classname="com.eic.qa.testcases.DataComparisionTest"/>
  <system-out/>
  <testcase name="loginTest" time="0.614" classname="com.eic.qa.testcases.DataComparisionTest"/>
  <system-out/>
  <testcase name="SummaryCapacityFactorData" time="27.906" classname="com.eic.qa.testcases.DataComparisionTest"/>
  <system-out/>
  <testcase name="CostSummaryData" time="4.200" classname="com.eic.qa.testcases.DataComparisionTest"/>
  <system-out/>
  <testcase name="CostSummaryCostofOwnership" time="4.027" classname="com.eic.qa.testcases.DataComparisionTest"/>
  <system-out/>
  <testcase name="ScenarioDataComparisionLink" time="0.236" classname="com.eic.qa.testcases.DataComparisionTest"/>
  <system-out/>
  <testcase name="ScenarioDataInformationdata" time="3.755" classname="com.eic.qa.testcases.DataComparisionTest"/>
  <system-out/>
  <testcase name="WindInputPowerProfiledata" time="2.192" classname="com.eic.qa.testcases.DataComparisionTest"/>
  <system-out/>
  <testcase name="SolarInputPowerProfiledata" time="2.290" classname="com.eic.qa.testcases.DataComparisionTest"/>
  <system-out/>
  <testcase name="UtilityInputPowerProfiledata" time="0.931" classname="com.eic.qa.testcases.DataComparisionTest"/>
  <system-out/>
  <testcase name="LoadcapacityProfiledata" time="1.634" classname="com.eic.qa.testcases.DataComparisionTest"/>
  <system-out/>
  <testcase name="StorageProfiledata" time="2.350" classname="com.eic.qa.testcases.DataComparisionTest"/>
  <system-out/>
  <testcase name="DCESModuleCapacityProfiledata" time="2.936" classname="com.eic.qa.testcases.DataComparisionTest"/>
  <system-out/>
  <testcase name="DCESModuleEfficiencyProfiledata" time="1.881" classname="com.eic.qa.testcases.DataComparisionTest"/>
  <system-out/>
  <testcase name="ScenarioProfiledata" time="1.765" classname="com.eic.qa.testcases.DataComparisionTest"/>
  <system-out/>
  <testcase name="SolarProfiledata" time="3.227" classname="com.eic.qa.testcases.DataComparisionTest"/>
  <system-out/>
  <testcase name="WindProfiledata" time="3.436" classname="com.eic.qa.testcases.DataComparisionTest"/>
  <system-out/>
  <testcase name="UtilityGridProfiledata" time="2.733" classname="com.eic.qa.testcases.DataComparisionTest"/>
  <system-out/>
  <testcase name="EIPlantProfiledata" time="3.590" classname="com.eic.qa.testcases.DataComparisionTest"/>
  <system-out/>
  <testcase name="DataCenterCostsProfiledata" time="2.813" classname="com.eic.qa.testcases.DataComparisionTest"/>
  <system-out/>
</testsuite> <!-- com.eic.qa.testcases.DataComparisionTest -->
