<?xml version="1.0" encoding="UTF-8"?>
<!-- Generated by org.testng.reporters.JUnitReportReporter -->
<testsuite skipped="0" hostname="DESKTOP-BG3KCPN" name="com.eic.qa.testcases.SolarScenarioTest" tests="75" failures="2" timestamp="2021-06-03T12:08:35 IST" time="247.251" errors="0">
  <testcase name="setup" time="38.433" classname="com.eic.qa.testcases.SolarScenarioTest"/>
  <system-out/>
  <testcase name="downloadfiles" time="4.395" classname="com.eic.qa.testcases.SolarScenarioTest"/>
  <system-out/>
  <testcase name="loginTest" time="0.755" classname="com.eic.qa.testcases.SolarScenarioTest"/>
  <system-out/>
  <testcase name="PageTitel" time="1.009" classname="com.eic.qa.testcases.SolarScenarioTest"/>
  <system-out/>
  <testcase name="searchbyscenariodelete" time="8.140" classname="com.eic.qa.testcases.SolarScenarioTest"/>
  <system-out/>
  <testcase name="Simulation1" time="0.267" classname="com.eic.qa.testcases.SolarScenarioTest"/>
  <system-out/>
  <testcase name="createScenario" time="0.218" classname="com.eic.qa.testcases.SolarScenarioTest"/>
  <system-out/>
  <testcase name="scenariopubliccheckbox" time="1.190" classname="com.eic.qa.testcases.SolarScenarioTest"/>
  <system-out/>
  <testcase name="basicdetails" time="0.664" classname="com.eic.qa.testcases.SolarScenarioTest"/>
  <system-out/>
  <testcase name="locationdetails" time="0.825" classname="com.eic.qa.testcases.SolarScenarioTest"/>
  <system-out/>
  <testcase name="SolarRadioButton" time="0.141" classname="com.eic.qa.testcases.SolarScenarioTest"/>
  <system-out/>
  <testcase name="SolarTextFiled" time="0.347" classname="com.eic.qa.testcases.SolarScenarioTest"/>
  <system-out/>
  <testcase name="SolarUploadFile" time="21.477" classname="com.eic.qa.testcases.SolarScenarioTest"/>
  <system-out/>
  <testcase name="ScenarioInverterSize" time="0.418" classname="com.eic.qa.testcases.SolarScenarioTest"/>
  <system-out/>
  <testcase name="WindRadioButton" time="0.221" classname="com.eic.qa.testcases.SolarScenarioTest"/>
  <system-out/>
  <testcase name="WindTextField" time="0.073" classname="com.eic.qa.testcases.SolarScenarioTest"/>
  <system-out/>
  <testcase name="windUploadFile" time="5.075" classname="com.eic.qa.testcases.SolarScenarioTest"/>
  <system-out/>
  <testcase name="ScenarioFarmSize" time="0.312" classname="com.eic.qa.testcases.SolarScenarioTest"/>
  <system-out/>
  <testcase name="utlityRadioBut" time="0.344" classname="com.eic.qa.testcases.SolarScenarioTest"/>
  <system-out/>
  <testcase name="UtilityCapacity" time="0.279" classname="com.eic.qa.testcases.SolarScenarioTest"/>
  <system-out/>
  <testcase name="savebutton" time="0.144" classname="com.eic.qa.testcases.SolarScenarioTest"/>
  <system-out/>
  <testcase name="LoadCapacity" time="0.241" classname="com.eic.qa.testcases.SolarScenarioTest"/>
  <system-out/>
  <testcase name="LoadProfileRadioButtonsselection" time="0.187" classname="com.eic.qa.testcases.SolarScenarioTest"/>
  <system-out/>
  <testcase name="PercentageofCapacity" time="0.212" classname="com.eic.qa.testcases.SolarScenarioTest"/>
  <system-out/>
  <testcase name="saveButton" time="0.151" classname="com.eic.qa.testcases.SolarScenarioTest"/>
  <system-out/>
  <testcase name="StoteType" time="0.292" classname="com.eic.qa.testcases.SolarScenarioTest"/>
  <system-out/>
  <testcase name="StorageCapacity" time="0.194" classname="com.eic.qa.testcases.SolarScenarioTest"/>
  <system-out/>
  <testcase name="TargetReserveCapacity" time="0.235" classname="com.eic.qa.testcases.SolarScenarioTest"/>
  <system-out/>
  <testcase name="StorageInitialCharge" time="0.211" classname="com.eic.qa.testcases.SolarScenarioTest"/>
  <system-out/>
  <testcase name="Capacityvalues" time="0.714" classname="com.eic.qa.testcases.SolarScenarioTest"/>
  <system-out/>
  <testcase name="CapacityTotalDischargeRate" time="0.098" classname="com.eic.qa.testcases.SolarScenarioTest"/>
  <system-out/>
  <testcase name="CapacityTotalChargeRate" time="0.095" classname="com.eic.qa.testcases.SolarScenarioTest"/>
  <system-out/>
  <testcase name="SelectEfficiency" time="0.187" classname="com.eic.qa.testcases.SolarScenarioTest"/>
  <system-out/>
  <testcase name="Efficiencytextfiled" time="0.043" classname="com.eic.qa.testcases.SolarScenarioTest"/>
  <system-out/>
  <testcase name="saveAndContinue" time="0.259" classname="com.eic.qa.testcases.SolarScenarioTest"/>
  <system-out/>
  <testcase name="Lifetimeofplant" time="0.294" classname="com.eic.qa.testcases.SolarScenarioTest"/>
  <system-out/>
  <testcase name="DiscountRate" time="0.209" classname="com.eic.qa.testcases.SolarScenarioTest"/>
  <system-out/>
  <testcase name="Solar" time="0.671" classname="com.eic.qa.testcases.SolarScenarioTest"/>
  <system-out/>
  <testcase name="solarcapitalcostvalue" time="0.164" classname="com.eic.qa.testcases.SolarScenarioTest"/>
  <system-out/>
  <testcase name="solarAnnualMaintenanceCostvalue" time="0.580" classname="com.eic.qa.testcases.SolarScenarioTest"/>
  <system-out/>
  <testcase name="Wind" time="0.037" classname="com.eic.qa.testcases.SolarScenarioTest"/>
  <system-out/>
  <testcase name="windcapitalcostvalue" time="0.025" classname="com.eic.qa.testcases.SolarScenarioTest"/>
  <system-out/>
  <testcase name="windAnnualMaintenanceCostvalue" time="0.030" classname="com.eic.qa.testcases.SolarScenarioTest"/>
  <system-out/>
  <testcase name="EiLiquid" time="0.488" classname="com.eic.qa.testcases.SolarScenarioTest"/>
  <system-out/>
  <testcase name="DCESEIPlant" time="0.481" classname="com.eic.qa.testcases.SolarScenarioTest"/>
  <system-out/>
  <testcase name="eiStorageTotalCapitalCostvalue" time="0.041" classname="com.eic.qa.testcases.SolarScenarioTest"/>
  <system-out/>
  <testcase name="eiStorageAnnualMaintenanceCostvalue" time="0.052" classname="com.eic.qa.testcases.SolarScenarioTest"/>
  <system-out/>
  <testcase name="eiDCESModuleTotalCapitalCostvalue" time="0.097" classname="com.eic.qa.testcases.SolarScenarioTest"/>
  <system-out/>
  <testcase name="eiDCESAnnualMaintenanceCostvalue" time="0.071" classname="com.eic.qa.testcases.SolarScenarioTest"/>
  <system-out/>
  <testcase name="UtilityGrid" time="0.604" classname="com.eic.qa.testcases.SolarScenarioTest"/>
  <system-out/>
  <testcase name="utilTotalCapitalCostvalue" time="0.078" classname="com.eic.qa.testcases.SolarScenarioTest"/>
  <system-out/>
  <testcase name="utilTotalAnnualMaintenanceCostvalue" time="0.085" classname="com.eic.qa.testcases.SolarScenarioTest"/>
  <system-out/>
  <testcase name="DataCenterCost" time="1.035" classname="com.eic.qa.testcases.SolarScenarioTest"/>
  <system-out/>
  <testcase name="TotalCapitalCostvalue" time="0.101" classname="com.eic.qa.testcases.SolarScenarioTest"/>
  <system-out/>
  <testcase name="TotalAnnualMaintenanceCostvalue" time="0.085" classname="com.eic.qa.testcases.SolarScenarioTest"/>
  <system-out/>
  <testcase name="save" time="10.183" classname="com.eic.qa.testcases.SolarScenarioTest"/>
  <system-out/>
  <testcase name="searchbyname" time="10.761" classname="com.eic.qa.testcases.SolarScenarioTest"/>
  <system-out/>
  <testcase name="Simulation" time="3.114" classname="com.eic.qa.testcases.SolarScenarioTest"/>
  <system-out/>
  <testcase name="CapacityFactorsSummary" time="14.262" classname="com.eic.qa.testcases.SolarScenarioTest"/>
  <system-out/>
  <testcase name="tcotabledata" time="7.410" classname="com.eic.qa.testcases.SolarScenarioTest"/>
  <system-out/>
  <testcase name="energytabledata" time="6.880" classname="com.eic.qa.testcases.SolarScenarioTest"/>
  <system-out/>
  <testcase name="LCOEtabledata" time="6.828" classname="com.eic.qa.testcases.SolarScenarioTest"/>
  <system-out/>
  <testcase name="TImeSerieslink" time="10.438" classname="com.eic.qa.testcases.SolarScenarioTest"/>
  <system-out/>
  <testcase name="AvailableRenewablePowerCheckbox" time="6.864" classname="com.eic.qa.testcases.SolarScenarioTest"/>
  <system-out/>
  <testcase name="PowerToLoadCheckboxField" time="6.853" classname="com.eic.qa.testcases.SolarScenarioTest"/>
  <system-out/>
  <testcase name="OverallPowerSummaryCheckboxField" time="6.758" classname="com.eic.qa.testcases.SolarScenarioTest"/>
  <system-out/>
  <testcase name="StoredEnergyCheckboxField" time="6.912" classname="com.eic.qa.testcases.SolarScenarioTest"/>
  <system-out/>
  <testcase name="RadioButtonFieldTimebased" time="11.191" classname="com.eic.qa.testcases.SolarScenarioTest"/>
  <system-out/>
  <testcase name="CashflowTable" time="5.560" classname="com.eic.qa.testcases.SolarScenarioTest"/>
  <system-out/>
  <testcase name="unDiscountedCashFlowDownload" time="5.463" classname="com.eic.qa.testcases.SolarScenarioTest">
    <failure type="java.lang.AssertionError" message="expected [false] but found [true]">
      <![CDATA[java.lang.AssertionError: expected [false] but found [true]
at org.testng.Assert.fail(Assert.java:99)
at org.testng.Assert.failNotEquals(Assert.java:1037)
at org.testng.Assert.assertEqualsImpl(Assert.java:140)
at org.testng.Assert.assertEquals(Assert.java:122)
at org.testng.Assert.assertEquals(Assert.java:819)
at org.testng.Assert.assertEquals(Assert.java:829)
at com.eic.qa.pages.TimeSeries.unDiscountedCashFlowDownload(TimeSeries.java:307)
at com.eic.qa.testcases.SolarScenarioTest.unDiscountedCashFlowDownload(SolarScenarioTest.java:1076)
at sun.reflect.NativeMethodAccessorImpl.invoke0(Native Method)
at sun.reflect.NativeMethodAccessorImpl.invoke(NativeMethodAccessorImpl.java:62)
at sun.reflect.DelegatingMethodAccessorImpl.invoke(DelegatingMethodAccessorImpl.java:43)
at java.lang.reflect.Method.invoke(Method.java:498)
at org.testng.internal.MethodInvocationHelper.invokeMethod(MethodInvocationHelper.java:132)
at org.testng.internal.TestInvoker.invokeMethod(TestInvoker.java:599)
at org.testng.internal.TestInvoker.invokeTestMethod(TestInvoker.java:174)
at org.testng.internal.MethodRunner.runInSequence(MethodRunner.java:46)
at org.testng.internal.TestInvoker$MethodInvocationAgent.invoke(TestInvoker.java:822)
at org.testng.internal.TestInvoker.invokeTestMethods(TestInvoker.java:147)
at org.testng.internal.TestMethodWorker.invokeTestMethods(TestMethodWorker.java:146)
at org.testng.internal.TestMethodWorker.run(TestMethodWorker.java:128)
at java.util.ArrayList.forEach(ArrayList.java:1257)
at org.testng.TestRunner.privateRun(TestRunner.java:764)
at org.testng.TestRunner.run(TestRunner.java:585)
at org.testng.SuiteRunner.runTest(SuiteRunner.java:384)
at org.testng.SuiteRunner.runSequentially(SuiteRunner.java:378)
at org.testng.SuiteRunner.privateRun(SuiteRunner.java:337)
at org.testng.SuiteRunner.run(SuiteRunner.java:286)
at org.testng.SuiteRunnerWorker.runSuite(SuiteRunnerWorker.java:53)
at org.testng.SuiteRunnerWorker.run(SuiteRunnerWorker.java:96)
at org.testng.TestNG.runSuitesSequentially(TestNG.java:1218)
at org.testng.TestNG.runSuitesLocally(TestNG.java:1140)
at org.testng.TestNG.runSuites(TestNG.java:1069)
at org.testng.TestNG.run(TestNG.java:1037)
at org.testng.remote.AbstractRemoteTestNG.run(AbstractRemoteTestNG.java:115)
at org.testng.remote.RemoteTestNG.initAndRun(RemoteTestNG.java:251)
at org.testng.remote.RemoteTestNG.main(RemoteTestNG.java:77)
]]>
    </failure>
  </testcase> <!-- unDiscountedCashFlowDownload -->
  <system-out/>
  <testcase name="DiscountedCashFlowDownload" time="5.242" classname="com.eic.qa.testcases.SolarScenarioTest">
    <failure type="java.lang.AssertionError" message="expected [false] but found [true]">
      <![CDATA[java.lang.AssertionError: expected [false] but found [true]
at org.testng.Assert.fail(Assert.java:99)
at org.testng.Assert.failNotEquals(Assert.java:1037)
at org.testng.Assert.assertEqualsImpl(Assert.java:140)
at org.testng.Assert.assertEquals(Assert.java:122)
at org.testng.Assert.assertEquals(Assert.java:819)
at org.testng.Assert.assertEquals(Assert.java:829)
at com.eic.qa.pages.TimeSeries.discountedCashFlowDownload(TimeSeries.java:242)
at com.eic.qa.testcases.SolarScenarioTest.DiscountedCashFlowDownload(SolarScenarioTest.java:1082)
at sun.reflect.NativeMethodAccessorImpl.invoke0(Native Method)
at sun.reflect.NativeMethodAccessorImpl.invoke(NativeMethodAccessorImpl.java:62)
at sun.reflect.DelegatingMethodAccessorImpl.invoke(DelegatingMethodAccessorImpl.java:43)
at java.lang.reflect.Method.invoke(Method.java:498)
at org.testng.internal.MethodInvocationHelper.invokeMethod(MethodInvocationHelper.java:132)
at org.testng.internal.TestInvoker.invokeMethod(TestInvoker.java:599)
at org.testng.internal.TestInvoker.invokeTestMethod(TestInvoker.java:174)
at org.testng.internal.MethodRunner.runInSequence(MethodRunner.java:46)
at org.testng.internal.TestInvoker$MethodInvocationAgent.invoke(TestInvoker.java:822)
at org.testng.internal.TestInvoker.invokeTestMethods(TestInvoker.java:147)
at org.testng.internal.TestMethodWorker.invokeTestMethods(TestMethodWorker.java:146)
at org.testng.internal.TestMethodWorker.run(TestMethodWorker.java:128)
at java.util.ArrayList.forEach(ArrayList.java:1257)
at org.testng.TestRunner.privateRun(TestRunner.java:764)
at org.testng.TestRunner.run(TestRunner.java:585)
at org.testng.SuiteRunner.runTest(SuiteRunner.java:384)
at org.testng.SuiteRunner.runSequentially(SuiteRunner.java:378)
at org.testng.SuiteRunner.privateRun(SuiteRunner.java:337)
at org.testng.SuiteRunner.run(SuiteRunner.java:286)
at org.testng.SuiteRunnerWorker.runSuite(SuiteRunnerWorker.java:53)
at org.testng.SuiteRunnerWorker.run(SuiteRunnerWorker.java:96)
at org.testng.TestNG.runSuitesSequentially(TestNG.java:1218)
at org.testng.TestNG.runSuitesLocally(TestNG.java:1140)
at org.testng.TestNG.runSuites(TestNG.java:1069)
at org.testng.TestNG.run(TestNG.java:1037)
at org.testng.remote.AbstractRemoteTestNG.run(AbstractRemoteTestNG.java:115)
at org.testng.remote.RemoteTestNG.initAndRun(RemoteTestNG.java:251)
at org.testng.remote.RemoteTestNG.main(RemoteTestNG.java:77)
]]>
    </failure>
  </testcase> <!-- DiscountedCashFlowDownload -->
  <system-out/>
  <testcase name="Scenario" time="5.385" classname="com.eic.qa.testcases.SolarScenarioTest"/>
  <system-out/>
  <testcase name="Scenariotext" time="18.596" classname="com.eic.qa.testcases.SolarScenarioTest"/>
  <system-out/>
  <testcase name="sameContentOfExcelFiles1" time="5.405" classname="com.eic.qa.testcases.SolarScenarioTest"/>
  <system-out/>
  <testcase name="teardown" time="0.072" classname="com.eic.qa.testcases.SolarScenarioTest"/>
  <system-out/>
</testsuite> <!-- com.eic.qa.testcases.SolarScenarioTest -->
